{"C:\\Users\\Mega Store\\Desktop\\udacity_final_project\\src\\client\\js\\formHandler.js": {"path":"C:\\Users\\Mega Store\\Desktop\\udacity_final_project\\src\\client\\js\\formHandler.js","statementMap":{"0":{"start":{"line":5,"column":18},"end":{"line":5,"column":41}},"1":{"start":{"line":7,"column":13},"end":{"line":7,"column":47}},"2":{"start":{"line":8,"column":0},"end":{"line":8,"column":46}},"3":{"start":{"line":12,"column":4},"end":{"line":17,"column":5}},"4":{"start":{"line":13,"column":8},"end":{"line":13,"column":21}},"5":{"start":{"line":14,"column":8},"end":{"line":14,"column":57}},"6":{"start":{"line":16,"column":8},"end":{"line":16,"column":21}},"7":{"start":{"line":21,"column":23},"end":{"line":21,"column":57}},"8":{"start":{"line":22,"column":4},"end":{"line":27,"column":6}},"9":{"start":{"line":31,"column":25},"end":{"line":31,"column":72}},"10":{"start":{"line":32,"column":23},"end":{"line":32,"column":57}},"11":{"start":{"line":34,"column":4},"end":{"line":34,"column":33}},"12":{"start":{"line":35,"column":4},"end":{"line":35,"column":74}},"13":{"start":{"line":36,"column":4},"end":{"line":36,"column":90}},"14":{"start":{"line":40,"column":25},"end":{"line":40,"column":72}},"15":{"start":{"line":41,"column":4},"end":{"line":41,"column":34}},"16":{"start":{"line":42,"column":4},"end":{"line":42,"column":47}},"17":{"start":{"line":46,"column":23},"end":{"line":46,"column":57}},"18":{"start":{"line":49,"column":28},"end":{"line":49,"column":78}},"19":{"start":{"line":50,"column":27},"end":{"line":50,"column":76}},"20":{"start":{"line":53,"column":30},"end":{"line":59,"column":5}},"21":{"start":{"line":54,"column":8},"end":{"line":58,"column":9}},"22":{"start":{"line":55,"column":29},"end":{"line":55,"column":41}},"23":{"start":{"line":56,"column":29},"end":{"line":56,"column":41}},"24":{"start":{"line":57,"column":21},"end":{"line":57,"column":33}},"25":{"start":{"line":61,"column":23},"end":{"line":61,"column":71}},"26":{"start":{"line":62,"column":22},"end":{"line":62,"column":69}},"27":{"start":{"line":64,"column":4},"end":{"line":90,"column":6}},"28":{"start":{"line":94,"column":4},"end":{"line":94,"column":27}},"29":{"start":{"line":97,"column":21},"end":{"line":97,"column":64}},"30":{"start":{"line":100,"column":4},"end":{"line":103,"column":5}},"31":{"start":{"line":101,"column":8},"end":{"line":101,"column":53}},"32":{"start":{"line":102,"column":8},"end":{"line":102,"column":15}},"33":{"start":{"line":106,"column":4},"end":{"line":109,"column":5}},"34":{"start":{"line":107,"column":8},"end":{"line":107,"column":84}},"35":{"start":{"line":108,"column":8},"end":{"line":108,"column":15}},"36":{"start":{"line":112,"column":4},"end":{"line":112,"column":23}},"37":{"start":{"line":114,"column":4},"end":{"line":134,"column":5}},"38":{"start":{"line":115,"column":25},"end":{"line":121,"column":10}},"39":{"start":{"line":123,"column":8},"end":{"line":126,"column":9}},"40":{"start":{"line":124,"column":26},"end":{"line":124,"column":47}},"41":{"start":{"line":125,"column":12},"end":{"line":125,"column":74}},"42":{"start":{"line":128,"column":21},"end":{"line":128,"column":42}},"43":{"start":{"line":129,"column":8},"end":{"line":129,"column":29}},"44":{"start":{"line":131,"column":8},"end":{"line":131,"column":35}},"45":{"start":{"line":133,"column":8},"end":{"line":133,"column":28}}},"fnMap":{"0":{"name":"isValidUrl","decl":{"start":{"line":11,"column":9},"end":{"line":11,"column":19}},"loc":{"start":{"line":11,"column":25},"end":{"line":18,"column":1}},"line":11},"1":{"name":"showMessage","decl":{"start":{"line":20,"column":9},"end":{"line":20,"column":20}},"loc":{"start":{"line":20,"column":46},"end":{"line":28,"column":1}},"line":20},"2":{"name":"showLoadingState","decl":{"start":{"line":30,"column":9},"end":{"line":30,"column":25}},"loc":{"start":{"line":30,"column":28},"end":{"line":37,"column":1}},"line":30},"3":{"name":"resetLoadingState","decl":{"start":{"line":39,"column":9},"end":{"line":39,"column":26}},"loc":{"start":{"line":39,"column":29},"end":{"line":43,"column":1}},"line":39},"4":{"name":"displayResults","decl":{"start":{"line":45,"column":9},"end":{"line":45,"column":23}},"loc":{"start":{"line":45,"column":30},"end":{"line":91,"column":1}},"line":45},"5":{"name":"(anonymous_5)","decl":{"start":{"line":53,"column":30},"end":{"line":53,"column":31}},"loc":{"start":{"line":53,"column":44},"end":{"line":59,"column":5}},"line":53},"6":{"name":"handleSubmit","decl":{"start":{"line":93,"column":15},"end":{"line":93,"column":27}},"loc":{"start":{"line":93,"column":35},"end":{"line":135,"column":1}},"line":93}},"branchMap":{"0":{"loc":{"start":{"line":20,"column":30},"end":{"line":20,"column":44}},"type":"default-arg","locations":[{"start":{"line":20,"column":37},"end":{"line":20,"column":44}}],"line":20},"1":{"loc":{"start":{"line":24,"column":17},"end":{"line":24,"column":45}},"type":"cond-expr","locations":[{"start":{"line":24,"column":36},"end":{"line":24,"column":39}},{"start":{"line":24,"column":42},"end":{"line":24,"column":45}}],"line":24},"2":{"loc":{"start":{"line":25,"column":14},"end":{"line":25,"column":128}},"type":"cond-expr","locations":[{"start":{"line":25,"column":33},"end":{"line":25,"column":123}},{"start":{"line":25,"column":126},"end":{"line":25,"column":128}}],"line":25},"3":{"loc":{"start":{"line":54,"column":8},"end":{"line":58,"column":9}},"type":"switch","locations":[{"start":{"line":55,"column":12},"end":{"line":55,"column":41}},{"start":{"line":56,"column":12},"end":{"line":56,"column":41}},{"start":{"line":57,"column":12},"end":{"line":57,"column":33}}],"line":54},"4":{"loc":{"start":{"line":100,"column":4},"end":{"line":103,"column":5}},"type":"if","locations":[{"start":{"line":100,"column":4},"end":{"line":103,"column":5}},{"start":{},"end":{}}],"line":100},"5":{"loc":{"start":{"line":106,"column":4},"end":{"line":109,"column":5}},"type":"if","locations":[{"start":{"line":106,"column":4},"end":{"line":109,"column":5}},{"start":{},"end":{}}],"line":106},"6":{"loc":{"start":{"line":123,"column":8},"end":{"line":126,"column":9}},"type":"if","locations":[{"start":{"line":123,"column":8},"end":{"line":126,"column":9}},{"start":{},"end":{}}],"line":123},"7":{"loc":{"start":{"line":125,"column":28},"end":{"line":125,"column":72}},"type":"binary-expr","locations":[{"start":{"line":125,"column":28},"end":{"line":125,"column":41}},{"start":{"line":125,"column":45},"end":{"line":125,"column":72}}],"line":125}},"s":{"0":2,"1":2,"2":2,"3":8,"4":8,"5":5,"6":3,"7":2,"8":2,"9":1,"10":1,"11":1,"12":1,"13":1,"14":1,"15":1,"16":1,"17":0,"18":0,"19":0,"20":0,"21":0,"22":0,"23":0,"24":0,"25":0,"26":0,"27":0,"28":2,"29":2,"30":2,"31":0,"32":0,"33":2,"34":1,"35":1,"36":1,"37":1,"38":1,"39":1,"40":1,"41":1,"42":0,"43":0,"44":1,"45":1},"f":{"0":8,"1":2,"2":1,"3":1,"4":0,"5":0,"6":2},"b":{"0":[2],"1":[2,0],"2":[2,0],"3":[0,0,0],"4":[0,2],"5":[1,1],"6":[1,0],"7":[1,1]},"_coverageSchema":"1a1c01bbd47fc00a2c39e90264f33305004495a9","hash":"7fe34aac05b1433c0160667d80feabee0da081c2"}
,"C:\\Users\\Mega Store\\Desktop\\udacity_final_project\\src\\client\\js\\nameChecker.js": {"path":"C:\\Users\\Mega Store\\Desktop\\udacity_final_project\\src\\client\\js\\nameChecker.js","statementMap":{"0":{"start":{"line":2,"column":4},"end":{"line":2,"column":59}},"1":{"start":{"line":3,"column":16},"end":{"line":9,"column":5}},"2":{"start":{"line":11,"column":4},"end":{"line":16,"column":5}},"3":{"start":{"line":12,"column":8},"end":{"line":12,"column":35}},"4":{"start":{"line":15,"column":8},"end":{"line":15,"column":44}}},"fnMap":{"0":{"name":"checkForName","decl":{"start":{"line":1,"column":9},"end":{"line":1,"column":21}},"loc":{"start":{"line":1,"column":33},"end":{"line":17,"column":1}},"line":1}},"branchMap":{"0":{"loc":{"start":{"line":11,"column":4},"end":{"line":16,"column":5}},"type":"if","locations":[{"start":{"line":11,"column":4},"end":{"line":16,"column":5}},{"start":{"line":14,"column":9},"end":{"line":16,"column":5}}],"line":11}},"s":{"0":0,"1":0,"2":0,"3":0,"4":0},"f":{"0":0},"b":{"0":[0,0]},"_coverageSchema":"1a1c01bbd47fc00a2c39e90264f33305004495a9","hash":"430daa2b53dc923eafc5160fb9b739dbcf90b6ff"}
}
