TN:
SF:src\client\js\formHandler.js
FN:11,isValidUrl
FN:20,showMessage
FN:30,showLoadingState
FN:39,resetLoadingState
FN:45,displayResults
FN:53,(anonymous_5)
FN:93,handleSubmit
FNF:7
FNH:5
FNDA:8,isValidUrl
FNDA:2,showMessage
FNDA:1,showLoadingState
FNDA:1,resetLoadingState
FNDA:0,displayResults
FNDA:0,(anonymous_5)
FNDA:2,handleSubmit
DA:5,2
DA:7,2
DA:8,2
DA:12,8
DA:13,8
DA:14,5
DA:16,3
DA:21,2
DA:22,2
DA:31,1
DA:32,1
DA:34,1
DA:35,1
DA:36,1
DA:40,1
DA:41,1
DA:42,1
DA:46,0
DA:49,0
DA:50,0
DA:53,0
DA:54,0
DA:55,0
DA:56,0
DA:57,0
DA:61,0
DA:62,0
DA:64,0
DA:94,2
DA:97,2
DA:100,2
DA:101,0
DA:102,0
DA:106,2
DA:107,1
DA:108,1
DA:112,1
DA:114,1
DA:115,1
DA:123,1
DA:124,1
DA:125,1
DA:128,0
DA:129,0
DA:131,1
DA:133,1
LF:46
LH:31
BRDA:20,0,0,2
BRDA:24,1,0,2
BRDA:24,1,1,0
BRDA:25,2,0,2
BRDA:25,2,1,0
BRDA:54,3,0,0
BRDA:54,3,1,0
BRDA:54,3,2,0
BRDA:100,4,0,0
BRDA:100,4,1,2
BRDA:106,5,0,1
BRDA:106,5,1,1
BRDA:123,6,0,1
BRDA:123,6,1,0
BRDA:125,7,0,1
BRDA:125,7,1,1
BRF:16
BRH:9
end_of_record
TN:
SF:src\client\js\nameChecker.js
FN:1,checkForName
FNF:1
FNH:0
FNDA:0,checkForName
DA:2,0
DA:3,0
DA:11,0
DA:12,0
DA:15,0
LF:5
LH:0
BRDA:11,0,0,0
BRDA:11,0,1,0
BRF:2
BRH:0
end_of_record
